# JRE version: OpenJDK Runtime Environment Temurin-21.0.7+6 (21.0.7+6) (build 21.0.7+6-LTS)
# Java VM: OpenJDK 64-Bit Server VM Temurin-21.0.7+6 (21.0.7+6-LTS, mixed mode, sharing, tiered, compressed oops, compressed class ptrs, g1 gc, windows-amd64)
GC Precious Log:
 CardTable entry size: 512
 Card Set container configuration: InlinePtr #cards 5 size 8 Array Of Cards #cards 12 size 40 Howl #buckets 4 coarsen threshold 1843 Howl Bitmap #cards 512 size 80 coarsen threshold 460 Card regions per heap region 1 cards per card region 2048
 CPUs: 8 total, 8 available
 Memory: 6081M
 Large Page Support: Disabled
 NUMA Support: Disabled
 Compressed Oops: Enabled (32-bit)
 Heap Region Size: 1M
 Heap Min Capacity: 8M
 Heap Initial Capacity: 96M
 Heap Max Capacity: 1522M
 Pre-touch: Disabled
 Parallel Workers: 8
 Concurrent Workers: 2
 Concurrent Refinement Workers: 8
 Periodic GC: Disabled
Heap:
 garbage-first heap   total 41984K, used 14061K [0x00000000a0e00000, 0x0000000100000000)
  region size 1024K, 5 young (5120K), 3 survivors (3072K)
 Metaspace       used 39603K, committed 40000K, reserved 1114112K
  class space    used 5425K, committed 5568K, reserved 1048576K
GC Heap History (12 events):
Event: 18.373 GC heap before
{Heap before GC invocations=0 (full 0):
 garbage-first heap   total 98304K, used 23552K [0x00000000a0e00000, 0x0000000100000000)
  region size 1024K, 23 young (23552K), 0 survivors (0K)
 Metaspace       used 10627K, committed 10816K, reserved 1114112K
  class space    used 1203K, committed 1280K, reserved 1048576K
}
Event: 18.380 GC heap after
{Heap after GC invocations=1 (full 0):
 garbage-first heap   total 98304K, used 5696K [0x00000000a0e00000, 0x0000000100000000)
  region size 1024K, 3 young (3072K), 3 survivors (3072K)
 Metaspace       used 10627K, committed 10816K, reserved 1114112K
  class space    used 1203K, committed 1280K, reserved 1048576K
}
Event: 19.120 GC heap before
{Heap before GC invocations=1 (full 0):
 garbage-first heap   total 98304K, used 35392K [0x00000000a0e00000, 0x0000000100000000)
  region size 1024K, 33 young (33792K), 3 survivors (3072K)
 Metaspace       used 20411K, committed 20672K, reserved 1114112K
  class space    used 2424K, committed 2560K, reserved 1048576K
}
Event: 19.130 GC heap after
{Heap after GC invocations=2 (full 0):
 garbage-first heap   total 98304K, used 8706K [0x00000000a0e00000, 0x0000000100000000)
  region size 1024K, 3 young (3072K), 3 survivors (3072K)
 Metaspace       used 20411K, committed 20672K, reserved 1114112K
  class space    used 2424K, committed 2560K, reserved 1048576K
}
Event: 19.218 GC heap before
{Heap before GC invocations=2 (full 0):
 garbage-first heap   total 98304K, used 12802K [0x00000000a0e00000, 0x0000000100000000)
  region size 1024K, 8 young (8192K), 3 survivors (3072K)
 Metaspace       used 21207K, committed 21504K, reserved 1114112K
  class space    used 2581K, committed 2688K, reserved 1048576K
}
Event: 19.223 GC heap after
{Heap after GC invocations=3 (full 0):
 garbage-first heap   total 98304K, used 9047K [0x00000000a0e00000, 0x0000000100000000)
  region size 1024K, 4 young (4096K), 4 survivors (4096K)
 Metaspace       used 21207K, committed 21504K, reserved 1114112K
  class space    used 2581K, committed 2688K, reserved 1048576K
}
Event: 19.621 GC heap before
{Heap before GC invocations=4 (full 0):
 garbage-first heap   total 34816K, used 25431K [0x00000000a0e00000, 0x0000000100000000)
  region size 1024K, 20 young (20480K), 4 survivors (4096K)
 Metaspace       used 25258K, committed 25536K, reserved 1114112K
  class space    used 3194K, committed 3328K, reserved 1048576K
}
Event: 19.628 GC heap after
{Heap after GC invocations=5 (full 0):
 garbage-first heap   total 34816K, used 10368K [0x00000000a0e00000, 0x0000000100000000)
  region size 1024K, 2 young (2048K), 2 survivors (2048K)
 Metaspace       used 25258K, committed 25536K, reserved 1114112K
  class space    used 3194K, committed 3328K, reserved 1048576K
}
Event: 20.042 GC heap before
{Heap before GC invocations=5 (full 0):
 garbage-first heap   total 34816K, used 27776K [0x00000000a0e00000, 0x0000000100000000)
  region size 1024K, 20 young (20480K), 2 survivors (2048K)
 Metaspace       used 31863K, committed 32192K, reserved 1114112K
  class space    used 4231K, committed 4416K, reserved 1048576K
}
Event: 20.047 GC heap after
{Heap after GC invocations=6 (full 0):
 garbage-first heap   total 34816K, used 10745K [0x00000000a0e00000, 0x0000000100000000)
  region size 1024K, 2 young (2048K), 2 survivors (2048K)
 Metaspace       used 31863K, committed 32192K, reserved 1114112K
  class space    used 4231K, committed 4416K, reserved 1048576K
}
Event: 20.401 GC heap before
{Heap before GC invocations=6 (full 0):
 garbage-first heap   total 34816K, used 23033K [0x00000000a0e00000, 0x0000000100000000)
  region size 1024K, 15 young (15360K), 2 survivors (2048K)
 Metaspace       used 35618K, committed 35968K, reserved 1114112K
  class space    used 4801K, committed 4992K, reserved 1048576K
}
Event: 20.406 GC heap after
{Heap after GC invocations=7 (full 0):
 garbage-first heap   total 34816K, used 11568K [0x00000000a0e00000, 0x0000000100000000)
  region size 1024K, 2 young (2048K), 2 survivors (2048K)
 Metaspace       used 35618K, committed 35968K, reserved 1114112K
  class space    used 4801K, committed 4992K, reserved 1048576K
}

