# JRE version: OpenJDK Runtime Environment Temurin-21.0.7+6 (21.0.7+6) (build 21.0.7+6-LTS)
# Java VM: OpenJDK 64-Bit Server VM Temurin-21.0.7+6 (21.0.7+6-LTS, mixed mode, sharing, tiered, compressed oops, compressed class ptrs, g1 gc, windows-amd64)
GC Precious Log:
 CardTable entry size: 512
 Card Set container configuration: InlinePtr #cards 5 size 8 Array Of Cards #cards 12 size 40 Howl #buckets 4 coarsen threshold 1843 Howl Bitmap #cards 512 size 80 coarsen threshold 460 Card regions per heap region 1 cards per card region 2048
 CPUs: 8 total, 8 available
 Memory: 6081M
 Large Page Support: Disabled
 NUMA Support: Disabled
 Compressed Oops: Enabled (32-bit)
 Heap Region Size: 1M
 Heap Min Capacity: 8M
 Heap Initial Capacity: 96M
 Heap Max Capacity: 1522M
 Pre-touch: Disabled
 Parallel Workers: 8
 Concurrent Workers: 2
 Concurrent Refinement Workers: 8
 Periodic GC: Disabled
Heap:
 garbage-first heap   total 39936K, used 16876K [0x00000000a0e00000, 0x0000000100000000)
  region size 1024K, 8 young (8192K), 2 survivors (2048K)
 Metaspace       used 35917K, committed 36288K, reserved 1114112K
  class space    used 4832K, committed 4992K, reserved 1048576K
GC Heap History (11 events):
Event: 18.468 GC heap before
{Heap before GC invocations=0 (full 0):
 garbage-first heap   total 98304K, used 23552K [0x00000000a0e00000, 0x0000000100000000)
  region size 1024K, 23 young (23552K), 0 survivors (0K)
 Metaspace       used 10758K, committed 11008K, reserved 1114112K
  class space    used 1223K, committed 1344K, reserved 1048576K
}
Event: 18.476 GC heap after
{Heap after GC invocations=1 (full 0):
 garbage-first heap   total 98304K, used 5440K [0x00000000a0e00000, 0x0000000100000000)
  region size 1024K, 3 young (3072K), 3 survivors (3072K)
 Metaspace       used 10758K, committed 11008K, reserved 1114112K
  class space    used 1223K, committed 1344K, reserved 1048576K
}
Event: 19.209 GC heap before
{Heap before GC invocations=1 (full 0):
 garbage-first heap   total 98304K, used 36160K [0x00000000a0e00000, 0x0000000100000000)
  region size 1024K, 33 young (33792K), 3 survivors (3072K)
 Metaspace       used 20454K, committed 20672K, reserved 1114112K
  class space    used 2451K, committed 2560K, reserved 1048576K
}
Event: 19.219 GC heap after
{Heap after GC invocations=2 (full 0):
 garbage-first heap   total 98304K, used 8630K [0x00000000a0e00000, 0x0000000100000000)
  region size 1024K, 3 young (3072K), 3 survivors (3072K)
 Metaspace       used 20454K, committed 20672K, reserved 1114112K
  class space    used 2451K, committed 2560K, reserved 1048576K
}
Event: 19.306 GC heap before
{Heap before GC invocations=2 (full 0):
 garbage-first heap   total 98304K, used 12726K [0x00000000a0e00000, 0x0000000100000000)
  region size 1024K, 8 young (8192K), 3 survivors (3072K)
 Metaspace       used 21360K, committed 21504K, reserved 1114112K
  class space    used 2629K, committed 2688K, reserved 1048576K
}
Event: 19.311 GC heap after
{Heap after GC invocations=3 (full 0):
 garbage-first heap   total 98304K, used 8911K [0x00000000a0e00000, 0x0000000100000000)
  region size 1024K, 4 young (4096K), 4 survivors (4096K)
 Metaspace       used 21360K, committed 21504K, reserved 1114112K
  class space    used 2629K, committed 2688K, reserved 1048576K
}
Event: 19.895 GC heap before
{Heap before GC invocations=4 (full 0):
 garbage-first heap   total 34816K, used 32463K [0x00000000a0e00000, 0x0000000100000000)
  region size 1024K, 28 young (28672K), 4 survivors (4096K)
 Metaspace       used 29615K, committed 29888K, reserved 1114112K
  class space    used 3847K, committed 3968K, reserved 1048576K
}
Event: 19.903 GC heap after
{Heap after GC invocations=5 (full 0):
 garbage-first heap   total 39936K, used 10678K [0x00000000a0e00000, 0x0000000100000000)
  region size 1024K, 5 young (5120K), 5 survivors (5120K)
 Metaspace       used 29615K, committed 29888K, reserved 1114112K
  class space    used 3847K, committed 3968K, reserved 1048576K
}
Event: 20.344 GC heap before
{Heap before GC invocations=5 (full 0):
 garbage-first heap   total 39936K, used 29110K [0x00000000a0e00000, 0x0000000100000000)
  region size 1024K, 23 young (23552K), 5 survivors (5120K)
 Metaspace       used 34373K, committed 34688K, reserved 1114112K
  class space    used 4608K, committed 4736K, reserved 1048576K
}
Event: 20.352 GC heap after
{Heap after GC invocations=6 (full 0):
 garbage-first heap   total 39936K, used 11260K [0x00000000a0e00000, 0x0000000100000000)
  region size 1024K, 3 young (3072K), 3 survivors (3072K)
 Metaspace       used 34373K, committed 34688K, reserved 1114112K
  class space    used 4608K, committed 4736K, reserved 1048576K
}
Event: 20.512 GC heap before
{Heap before GC invocations=6 (full 0):
 garbage-first heap   total 39936K, used 16380K [0x00000000a0e00000, 0x0000000100000000)
  region size 1024K, 9 young (9216K), 3 survivors (3072K)
 Metaspace       used 35917K, committed 36288K, reserved 1114112K
  class space    used 4832K, committed 4992K, reserved 1048576K
}

